2013-02-27 13:14:15 [INFO] Starting minecraft server version 1.4.7
2013-02-27 13:14:15 [INFO] Loading properties
2013-02-27 13:14:15 [WARNING] server.properties does not exist
2013-02-27 13:14:15 [INFO] Generating new properties file
2013-02-27 13:14:15 [INFO] Default game type: SURVIVAL
2013-02-27 13:14:15 [INFO] Generating keypair
2013-02-27 13:14:16 [INFO] Starting Minecraft server on *:25565
2013-02-27 13:14:16 [INFO] This server is running CraftBukkit version git-Bukkit-1.4.7-R1.0-b2624jnks (MC: 1.4.7) (Implementing API version 1.4.7-R1.0)
2013-02-27 13:14:16 [WARNING] Failed to load operators list: java.io.FileNotFoundException: .\ops.txt (The system cannot find the file specified)
2013-02-27 13:14:16 [WARNING] Failed to load white-list: java.io.FileNotFoundException: .\white-list.txt (The system cannot find the file specified)
2013-02-27 13:14:16 [INFO] Preparing level "world"
2013-02-27 13:14:17 [INFO] Preparing start region for level 0 (Seed: -7229488601465251765)
2013-02-27 13:14:18 [INFO] Preparing spawn area: 4%
2013-02-27 13:14:19 [INFO] Preparing spawn area: 16%
2013-02-27 13:14:20 [INFO] Preparing spawn area: 32%
2013-02-27 13:14:21 [INFO] Preparing spawn area: 48%
2013-02-27 13:14:22 [INFO] Preparing spawn area: 69%
2013-02-27 13:14:23 [INFO] Preparing spawn area: 85%
2013-02-27 13:14:24 [INFO] Preparing spawn area: 97%
2013-02-27 13:14:24 [INFO] Preparing start region for level 1 (Seed: -7229488601465251765)
2013-02-27 13:14:25 [INFO] Preparing spawn area: 16%
2013-02-27 13:14:26 [INFO] Preparing spawn area: 40%
2013-02-27 13:14:27 [INFO] Preparing spawn area: 61%
2013-02-27 13:14:28 [INFO] Preparing spawn area: 89%
2013-02-27 13:14:28 [INFO] Preparing start region for level 2 (Seed: -7229488601465251765)
2013-02-27 13:14:29 [INFO] Preparing spawn area: 20%
2013-02-27 13:14:30 [INFO] Preparing spawn area: 69%
2013-02-27 13:14:31 [INFO] Done (14.340s)! For help, type "help" or "?"
2013-02-27 13:14:40 [INFO] CONSOLE: Stopping the server..[m
2013-02-27 13:14:40 [INFO] Stopping server
2013-02-27 13:14:40 [INFO] Saving players
2013-02-27 13:14:40 [INFO] Saving worlds
2013-02-27 13:14:40 [WARNING] DSCT: socket closed
2013-02-27 13:14:40 [INFO] Saving chunks for level 'world'/Overworld
2013-02-27 13:14:40 [INFO] Closing listening thread
2013-02-27 13:14:41 [INFO] Saving chunks for level 'world_nether'/Nether
2013-02-27 13:14:41 [INFO] Saving chunks for level 'world_the_end'/The End
2013-02-27 13:14:42 [INFO] Stopping server
2013-02-27 17:02:05 [INFO] Starting minecraft server version 1.4.7
2013-02-27 17:02:05 [INFO] Loading properties
2013-02-27 17:02:05 [INFO] Default game type: SURVIVAL
2013-02-27 17:02:05 [INFO] Generating keypair
2013-02-27 17:02:05 [INFO] Starting Minecraft server on *:25565
2013-02-27 17:02:06 [INFO] This server is running CraftBukkit version git-Bukkit-1.4.7-R1.0-b2624jnks (MC: 1.4.7) (Implementing API version 1.4.7-R1.0)
2013-02-27 17:02:06 [SEVERE] Could not load 'plugins\WorldEdit.jar' in folder 'plugins'
org.bukkit.plugin.InvalidPluginException: java.lang.NoClassDefFoundError: org/bukkit/event/Event$Type
	at org.bukkit.plugin.java.JavaPluginLoader.loadPlugin(JavaPluginLoader.java:184)
	at org.bukkit.plugin.SimplePluginManager.loadPlugin(SimplePluginManager.java:305)
	at org.bukkit.plugin.SimplePluginManager.loadPlugins(SimplePluginManager.java:230)
	at org.bukkit.craftbukkit.v1_4_R1.CraftServer.loadPlugins(CraftServer.java:239)
	at org.bukkit.craftbukkit.v1_4_R1.CraftServer.<init>(CraftServer.java:217)
	at net.minecraft.server.v1_4_R1.PlayerList.<init>(PlayerList.java:55)
	at net.minecraft.server.v1_4_R1.DedicatedPlayerList.<init>(SourceFile:11)
	at net.minecraft.server.v1_4_R1.DedicatedServer.init(DedicatedServer.java:104)
	at net.minecraft.server.v1_4_R1.MinecraftServer.run(MinecraftServer.java:399)
	at net.minecraft.server.v1_4_R1.ThreadServerApplication.run(SourceFile:849)
Caused by: java.lang.NoClassDefFoundError: org/bukkit/event/Event$Type
	at java.lang.Class.forName0(Native Method)
	at java.lang.Class.forName(Unknown Source)
	at org.bukkit.plugin.java.JavaPluginLoader.loadPlugin(JavaPluginLoader.java:173)
	... 9 more
Caused by: java.lang.ClassNotFoundException: org.bukkit.event.Event$Type
	at org.bukkit.plugin.java.PluginClassLoader.findClass0(PluginClassLoader.java:70)
	at org.bukkit.plugin.java.PluginClassLoader.findClass(PluginClassLoader.java:53)
	at java.lang.ClassLoader.loadClass(Unknown Source)
	at java.lang.ClassLoader.loadClass(Unknown Source)
	... 12 more
2013-02-27 17:02:06 [SEVERE] Could not load 'plugins\laserpointer.jar' in folder 'plugins'
org.bukkit.plugin.InvalidPluginException: java.lang.NoClassDefFoundError: org/bukkit/event/player/PlayerListener
	at org.bukkit.plugin.java.JavaPluginLoader.loadPlugin(JavaPluginLoader.java:182)
	at org.bukkit.plugin.SimplePluginManager.loadPlugin(SimplePluginManager.java:305)
	at org.bukkit.plugin.SimplePluginManager.loadPlugins(SimplePluginManager.java:230)
	at org.bukkit.craftbukkit.v1_4_R1.CraftServer.loadPlugins(CraftServer.java:239)
	at org.bukkit.craftbukkit.v1_4_R1.CraftServer.<init>(CraftServer.java:217)
	at net.minecraft.server.v1_4_R1.PlayerList.<init>(PlayerList.java:55)
	at net.minecraft.server.v1_4_R1.DedicatedPlayerList.<init>(SourceFile:11)
	at net.minecraft.server.v1_4_R1.DedicatedServer.init(DedicatedServer.java:104)
	at net.minecraft.server.v1_4_R1.MinecraftServer.run(MinecraftServer.java:399)
	at net.minecraft.server.v1_4_R1.ThreadServerApplication.run(SourceFile:849)
Caused by: java.lang.NoClassDefFoundError: org/bukkit/event/player/PlayerListener
	at java.lang.ClassLoader.defineClass1(Native Method)
	at java.lang.ClassLoader.defineClass(Unknown Source)
	at java.security.SecureClassLoader.defineClass(Unknown Source)
	at java.net.URLClassLoader.defineClass(Unknown Source)
	at java.net.URLClassLoader.access$100(Unknown Source)
	at java.net.URLClassLoader$1.run(Unknown Source)
	at java.net.URLClassLoader$1.run(Unknown Source)
	at java.security.AccessController.doPrivileged(Native Method)
	at java.net.URLClassLoader.findClass(Unknown Source)
	at org.bukkit.plugin.java.PluginClassLoader.findClass0(PluginClassLoader.java:80)
	at org.bukkit.plugin.java.PluginClassLoader.findClass(PluginClassLoader.java:53)
	at java.lang.ClassLoader.loadClass(Unknown Source)
	at java.lang.ClassLoader.loadClass(Unknown Source)
	at sl.nuclearw.laserpointer.laserpointer.<init>(laserpointer.java:30)
	at sun.reflect.NativeConstructorAccessorImpl.newInstance0(Native Method)
	at sun.reflect.NativeConstructorAccessorImpl.newInstance(Unknown Source)
	at sun.reflect.DelegatingConstructorAccessorImpl.newInstance(Unknown Source)
	at java.lang.reflect.Constructor.newInstance(Unknown Source)
	at org.bukkit.plugin.java.JavaPluginLoader.loadPlugin(JavaPluginLoader.java:178)
	... 9 more
Caused by: java.lang.ClassNotFoundException: org.bukkit.event.player.PlayerListener
	at org.bukkit.plugin.java.PluginClassLoader.findClass0(PluginClassLoader.java:70)
	at org.bukkit.plugin.java.PluginClassLoader.findClass(PluginClassLoader.java:53)
	at java.lang.ClassLoader.loadClass(Unknown Source)
	at java.lang.ClassLoader.loadClass(Unknown Source)
	... 28 more
2013-02-27 17:02:06 [SEVERE] Could not load 'plugins\VoxelSniper.jar' in folder 'plugins'
org.bukkit.plugin.InvalidPluginException: java.lang.NoClassDefFoundError: org/bukkit/event/player/PlayerListener
	at org.bukkit.plugin.java.JavaPluginLoader.loadPlugin(JavaPluginLoader.java:182)
	at org.bukkit.plugin.SimplePluginManager.loadPlugin(SimplePluginManager.java:305)
	at org.bukkit.plugin.SimplePluginManager.loadPlugins(SimplePluginManager.java:230)
	at org.bukkit.craftbukkit.v1_4_R1.CraftServer.loadPlugins(CraftServer.java:239)
	at org.bukkit.craftbukkit.v1_4_R1.CraftServer.<init>(CraftServer.java:217)
	at net.minecraft.server.v1_4_R1.PlayerList.<init>(PlayerList.java:55)
	at net.minecraft.server.v1_4_R1.DedicatedPlayerList.<init>(SourceFile:11)
	at net.minecraft.server.v1_4_R1.DedicatedServer.init(DedicatedServer.java:104)
	at net.minecraft.server.v1_4_R1.MinecraftServer.run(MinecraftServer.java:399)
	at net.minecraft.server.v1_4_R1.ThreadServerApplication.run(SourceFile:849)
Caused by: java.lang.NoClassDefFoundError: org/bukkit/event/player/PlayerListener
	at java.lang.ClassLoader.defineClass1(Native Method)
	at java.lang.ClassLoader.defineClass(Unknown Source)
	at java.security.SecureClassLoader.defineClass(Unknown Source)
	at java.net.URLClassLoader.defineClass(Unknown Source)
	at java.net.URLClassLoader.access$100(Unknown Source)
	at java.net.URLClassLoader$1.run(Unknown Source)
	at java.net.URLClassLoader$1.run(Unknown Source)
	at java.security.AccessController.doPrivileged(Native Method)
	at java.net.URLClassLoader.findClass(Unknown Source)
	at org.bukkit.plugin.java.PluginClassLoader.findClass0(PluginClassLoader.java:80)
	at org.bukkit.plugin.java.PluginClassLoader.findClass(PluginClassLoader.java:53)
	at java.lang.ClassLoader.loadClass(Unknown Source)
	at java.lang.ClassLoader.loadClass(Unknown Source)
	at com.thevoxelbox.VoxelSniper.<init>(VoxelSniper.java:25)
	at sun.reflect.NativeConstructorAccessorImpl.newInstance0(Native Method)
	at sun.reflect.NativeConstructorAccessorImpl.newInstance(Unknown Source)
	at sun.reflect.DelegatingConstructorAccessorImpl.newInstance(Unknown Source)
	at java.lang.reflect.Constructor.newInstance(Unknown Source)
	at org.bukkit.plugin.java.JavaPluginLoader.loadPlugin(JavaPluginLoader.java:178)
	... 9 more
Caused by: java.lang.ClassNotFoundException: org.bukkit.event.player.PlayerListener
	at org.bukkit.plugin.java.PluginClassLoader.findClass0(PluginClassLoader.java:70)
	at org.bukkit.plugin.java.PluginClassLoader.findClass(PluginClassLoader.java:53)
	at java.lang.ClassLoader.loadClass(Unknown Source)
	at java.lang.ClassLoader.loadClass(Unknown Source)
	... 28 more
2013-02-27 17:02:06 [SEVERE] Could not load 'plugins\PermissionsBukkit-1.2.jar' in folder 'plugins'
org.bukkit.plugin.InvalidPluginException: java.lang.NoClassDefFoundError: org/bukkit/util/config/ConfigurationNode
	at org.bukkit.plugin.java.JavaPluginLoader.loadPlugin(JavaPluginLoader.java:184)
	at org.bukkit.plugin.SimplePluginManager.loadPlugin(SimplePluginManager.java:305)
	at org.bukkit.plugin.SimplePluginManager.loadPlugins(SimplePluginManager.java:230)
	at org.bukkit.craftbukkit.v1_4_R1.CraftServer.loadPlugins(CraftServer.java:239)
	at org.bukkit.craftbukkit.v1_4_R1.CraftServer.<init>(CraftServer.java:217)
	at net.minecraft.server.v1_4_R1.PlayerList.<init>(PlayerList.java:55)
	at net.minecraft.server.v1_4_R1.DedicatedPlayerList.<init>(SourceFile:11)
	at net.minecraft.server.v1_4_R1.DedicatedServer.init(DedicatedServer.java:104)
	at net.minecraft.server.v1_4_R1.MinecraftServer.run(MinecraftServer.java:399)
	at net.minecraft.server.v1_4_R1.ThreadServerApplication.run(SourceFile:849)
Caused by: java.lang.NoClassDefFoundError: org/bukkit/util/config/ConfigurationNode
	at java.lang.Class.forName0(Native Method)
	at java.lang.Class.forName(Unknown Source)
	at org.bukkit.plugin.java.JavaPluginLoader.loadPlugin(JavaPluginLoader.java:173)
	... 9 more
Caused by: java.lang.ClassNotFoundException: org.bukkit.util.config.ConfigurationNode
	at org.bukkit.plugin.java.PluginClassLoader.findClass0(PluginClassLoader.java:70)
	at org.bukkit.plugin.java.PluginClassLoader.findClass(PluginClassLoader.java:53)
	at java.lang.ClassLoader.loadClass(Unknown Source)
	at java.lang.ClassLoader.loadClass(Unknown Source)
	... 12 more
2013-02-27 17:02:06 [INFO] [Essentials] Loading Essentials v2.10.1
2013-02-27 17:02:06 [INFO] [Deadbolt] Loading Deadbolt v2.0
2013-02-27 17:02:06 [INFO] [EssentialsChat] Loading EssentialsChat v2.10.1
2013-02-27 17:02:06 [INFO] [EssentialsProtect] Loading EssentialsProtect v2.10.1
2013-02-27 17:02:06 [INFO] MLog clients using java 1.4+ standard logging.
2013-02-27 17:02:06 [INFO] [EssentialsSpawn] Loading EssentialsSpawn v2.10.1
2013-02-27 17:02:06 [INFO] [EssentialsAntiBuild] Loading EssentialsAntiBuild v2.10.1
2013-02-27 17:02:06 [INFO] Preparing level "world"
2013-02-27 17:02:07 [INFO] Preparing start region for level 0 (Seed: -7229488601465251765)
2013-02-27 17:02:07 [INFO] Preparing start region for level 1 (Seed: -7229488601465251765)
2013-02-27 17:02:08 [INFO] Preparing spawn area: 8%
2013-02-27 17:02:08 [INFO] Preparing start region for level 2 (Seed: -7229488601465251765)
2013-02-27 17:02:08 [INFO] [Essentials] Enabling Essentials v2.10.1
2013-02-27 17:02:09 [INFO] [Essentials] This plugin collects minimal statistic data and sends it to http://metrics.essentials3.net.
2013-02-27 17:02:09 [INFO] [Essentials] You can opt out by running /essentials opt-out
2013-02-27 17:02:09 [INFO] [Essentials] This will start 5 minutes after the first admin/op joins.
2013-02-27 17:02:09 [INFO] Essentials: Using config file enhanced permissions.
2013-02-27 17:02:09 [INFO] Permissions listed in as player-commands will be given to all users.
2013-02-27 17:02:09 [INFO] [Deadbolt] Enabling Deadbolt v2.0
2013-02-27 17:02:09 [SEVERE] [Deadbolt] Plugin Deadbolt v2.0 has failed to register events for class com.daemitus.deadbolt.events.EntityListener because org/bukkit/event/entity/EndermanPickupEvent does not exist.
2013-02-27 17:02:09 [INFO] [Deadbolt] 2.0 enabled
2013-02-27 17:02:09 [INFO] [EssentialsChat] Enabling EssentialsChat v2.10.1
2013-02-27 17:02:09 [INFO] [EssentialsProtect] Enabling EssentialsProtect v2.10.1
2013-02-27 17:02:09 [INFO] Initializing c3p0-0.9.1.2 [built 21-May-2007 15:04:56; debug? true; trace: 10]
2013-02-27 17:02:09 [INFO] [EssentialsSpawn] Enabling EssentialsSpawn v2.10.1
2013-02-27 17:02:10 [INFO] [EssentialsAntiBuild] Enabling EssentialsAntiBuild v2.10.1
2013-02-27 17:02:10 [INFO] Server permissions file permissions.yml is empty, ignoring it
2013-02-27 17:02:10 [INFO] Done (3.246s)! For help, type "help" or "?"
2013-02-27 17:02:10 [INFO] 'settings.spawn-radius' in bukkit.yml has been moved to 'spawn-protection' in server.properties. I will move your config for you.
2013-02-27 17:02:48 [INFO] CONSOLE: Stopping the server..[m
2013-02-27 17:02:48 [INFO] Stopping server
2013-02-27 17:02:48 [INFO] [EssentialsAntiBuild] Disabling EssentialsAntiBuild v2.10.1
2013-02-27 17:02:48 [INFO] [EssentialsSpawn] Disabling EssentialsSpawn v2.10.1
2013-02-27 17:02:48 [INFO] [EssentialsProtect] Disabling EssentialsProtect v2.10.1
2013-02-27 17:02:49 [INFO] [EssentialsChat] Disabling EssentialsChat v2.10.1
2013-02-27 17:02:49 [INFO] [Deadbolt] Disabling Deadbolt v2.0
2013-02-27 17:02:49 [INFO] [Deadbolt] 2.0 disabled
2013-02-27 17:02:49 [INFO] [Essentials] Disabling Essentials v2.10.1
2013-02-27 17:02:49 [INFO] Saving players
2013-02-27 17:02:49 [WARNING] DSCT: socket closed
2013-02-27 17:02:49 [INFO] Saving worlds
2013-02-27 17:02:49 [INFO] Saving chunks for level 'world'/Overworld
2013-02-27 17:02:49 [INFO] Closing listening thread
2013-02-27 17:02:50 [INFO] Saving chunks for level 'world_nether'/Nether
2013-02-27 17:02:50 [INFO] Saving chunks for level 'world_the_end'/The End
2013-02-27 17:02:50 [INFO] Stopping server
2013-02-27 17:02:50 [INFO] Saving players
2013-02-27 17:02:50 [INFO] Saving worlds
2013-02-27 17:02:50 [INFO] Saving chunks for level 'world'/Overworld
2013-02-27 17:03:04 [INFO] Starting minecraft server version 1.4.7
2013-02-27 17:03:04 [INFO] Loading properties
2013-02-27 17:03:04 [INFO] Default game type: SURVIVAL
2013-02-27 17:03:04 [INFO] Generating keypair
2013-02-27 17:03:04 [INFO] Starting Minecraft server on *:25565
2013-02-27 17:03:05 [INFO] This server is running CraftBukkit version git-Bukkit-1.4.7-R1.0-b2624jnks (MC: 1.4.7) (Implementing API version 1.4.7-R1.0)
2013-02-27 17:03:05 [SEVERE] Could not load 'plugins\WorldEdit.jar' in folder 'plugins'
org.bukkit.plugin.InvalidPluginException: java.lang.NoClassDefFoundError: org/bukkit/event/Event$Type
	at org.bukkit.plugin.java.JavaPluginLoader.loadPlugin(JavaPluginLoader.java:184)
	at org.bukkit.plugin.SimplePluginManager.loadPlugin(SimplePluginManager.java:305)
	at org.bukkit.plugin.SimplePluginManager.loadPlugins(SimplePluginManager.java:230)
	at org.bukkit.craftbukkit.v1_4_R1.CraftServer.loadPlugins(CraftServer.java:239)
	at org.bukkit.craftbukkit.v1_4_R1.CraftServer.<init>(CraftServer.java:217)
	at net.minecraft.server.v1_4_R1.PlayerList.<init>(PlayerList.java:55)
	at net.minecraft.server.v1_4_R1.DedicatedPlayerList.<init>(SourceFile:11)
	at net.minecraft.server.v1_4_R1.DedicatedServer.init(DedicatedServer.java:104)
	at net.minecraft.server.v1_4_R1.MinecraftServer.run(MinecraftServer.java:399)
	at net.minecraft.server.v1_4_R1.ThreadServerApplication.run(SourceFile:849)
Caused by: java.lang.NoClassDefFoundError: org/bukkit/event/Event$Type
	at java.lang.Class.forName0(Native Method)
	at java.lang.Class.forName(Unknown Source)
	at org.bukkit.plugin.java.JavaPluginLoader.loadPlugin(JavaPluginLoader.java:173)
	... 9 more
Caused by: java.lang.ClassNotFoundException: org.bukkit.event.Event$Type
	at org.bukkit.plugin.java.PluginClassLoader.findClass0(PluginClassLoader.java:70)
	at org.bukkit.plugin.java.PluginClassLoader.findClass(PluginClassLoader.java:53)
	at java.lang.ClassLoader.loadClass(Unknown Source)
	at java.lang.ClassLoader.loadClass(Unknown Source)
	... 12 more
2013-02-27 17:03:05 [SEVERE] Could not load 'plugins\laserpointer.jar' in folder 'plugins'
org.bukkit.plugin.InvalidPluginException: java.lang.NoClassDefFoundError: org/bukkit/event/player/PlayerListener
	at org.bukkit.plugin.java.JavaPluginLoader.loadPlugin(JavaPluginLoader.java:182)
	at org.bukkit.plugin.SimplePluginManager.loadPlugin(SimplePluginManager.java:305)
	at org.bukkit.plugin.SimplePluginManager.loadPlugins(SimplePluginManager.java:230)
	at org.bukkit.craftbukkit.v1_4_R1.CraftServer.loadPlugins(CraftServer.java:239)
	at org.bukkit.craftbukkit.v1_4_R1.CraftServer.<init>(CraftServer.java:217)
	at net.minecraft.server.v1_4_R1.PlayerList.<init>(PlayerList.java:55)
	at net.minecraft.server.v1_4_R1.DedicatedPlayerList.<init>(SourceFile:11)
	at net.minecraft.server.v1_4_R1.DedicatedServer.init(DedicatedServer.java:104)
	at net.minecraft.server.v1_4_R1.MinecraftServer.run(MinecraftServer.java:399)
	at net.minecraft.server.v1_4_R1.ThreadServerApplication.run(SourceFile:849)
Caused by: java.lang.NoClassDefFoundError: org/bukkit/event/player/PlayerListener
	at java.lang.ClassLoader.defineClass1(Native Method)
	at java.lang.ClassLoader.defineClass(Unknown Source)
	at java.security.SecureClassLoader.defineClass(Unknown Source)
	at java.net.URLClassLoader.defineClass(Unknown Source)
	at java.net.URLClassLoader.access$100(Unknown Source)
	at java.net.URLClassLoader$1.run(Unknown Source)
	at java.net.URLClassLoader$1.run(Unknown Source)
	at java.security.AccessController.doPrivileged(Native Method)
	at java.net.URLClassLoader.findClass(Unknown Source)
	at org.bukkit.plugin.java.PluginClassLoader.findClass0(PluginClassLoader.java:80)
	at org.bukkit.plugin.java.PluginClassLoader.findClass(PluginClassLoader.java:53)
	at java.lang.ClassLoader.loadClass(Unknown Source)
	at java.lang.ClassLoader.loadClass(Unknown Source)
	at sl.nuclearw.laserpointer.laserpointer.<init>(laserpointer.java:30)
	at sun.reflect.NativeConstructorAccessorImpl.newInstance0(Native Method)
	at sun.reflect.NativeConstructorAccessorImpl.newInstance(Unknown Source)
	at sun.reflect.DelegatingConstructorAccessorImpl.newInstance(Unknown Source)
	at java.lang.reflect.Constructor.newInstance(Unknown Source)
	at org.bukkit.plugin.java.JavaPluginLoader.loadPlugin(JavaPluginLoader.java:178)
	... 9 more
Caused by: java.lang.ClassNotFoundException: org.bukkit.event.player.PlayerListener
	at org.bukkit.plugin.java.PluginClassLoader.findClass0(PluginClassLoader.java:70)
	at org.bukkit.plugin.java.PluginClassLoader.findClass(PluginClassLoader.java:53)
	at java.lang.ClassLoader.loadClass(Unknown Source)
	at java.lang.ClassLoader.loadClass(Unknown Source)
	... 28 more
2013-02-27 17:03:05 [SEVERE] Could not load 'plugins\VoxelSniper.jar' in folder 'plugins'
org.bukkit.plugin.InvalidPluginException: java.lang.NoClassDefFoundError: org/bukkit/event/player/PlayerListener
	at org.bukkit.plugin.java.JavaPluginLoader.loadPlugin(JavaPluginLoader.java:182)
	at org.bukkit.plugin.SimplePluginManager.loadPlugin(SimplePluginManager.java:305)
	at org.bukkit.plugin.SimplePluginManager.loadPlugins(SimplePluginManager.java:230)
	at org.bukkit.craftbukkit.v1_4_R1.CraftServer.loadPlugins(CraftServer.java:239)
	at org.bukkit.craftbukkit.v1_4_R1.CraftServer.<init>(CraftServer.java:217)
	at net.minecraft.server.v1_4_R1.PlayerList.<init>(PlayerList.java:55)
	at net.minecraft.server.v1_4_R1.DedicatedPlayerList.<init>(SourceFile:11)
	at net.minecraft.server.v1_4_R1.DedicatedServer.init(DedicatedServer.java:104)
	at net.minecraft.server.v1_4_R1.MinecraftServer.run(MinecraftServer.java:399)
	at net.minecraft.server.v1_4_R1.ThreadServerApplication.run(SourceFile:849)
Caused by: java.lang.NoClassDefFoundError: org/bukkit/event/player/PlayerListener
	at java.lang.ClassLoader.defineClass1(Native Method)
	at java.lang.ClassLoader.defineClass(Unknown Source)
	at java.security.SecureClassLoader.defineClass(Unknown Source)
	at java.net.URLClassLoader.defineClass(Unknown Source)
	at java.net.URLClassLoader.access$100(Unknown Source)
	at java.net.URLClassLoader$1.run(Unknown Source)
	at java.net.URLClassLoader$1.run(Unknown Source)
	at java.security.AccessController.doPrivileged(Native Method)
	at java.net.URLClassLoader.findClass(Unknown Source)
	at org.bukkit.plugin.java.PluginClassLoader.findClass0(PluginClassLoader.java:80)
	at org.bukkit.plugin.java.PluginClassLoader.findClass(PluginClassLoader.java:53)
	at java.lang.ClassLoader.loadClass(Unknown Source)
	at java.lang.ClassLoader.loadClass(Unknown Source)
	at com.thevoxelbox.VoxelSniper.<init>(VoxelSniper.java:25)
	at sun.reflect.NativeConstructorAccessorImpl.newInstance0(Native Method)
	at sun.reflect.NativeConstructorAccessorImpl.newInstance(Unknown Source)
	at sun.reflect.DelegatingConstructorAccessorImpl.newInstance(Unknown Source)
	at java.lang.reflect.Constructor.newInstance(Unknown Source)
	at org.bukkit.plugin.java.JavaPluginLoader.loadPlugin(JavaPluginLoader.java:178)
	... 9 more
Caused by: java.lang.ClassNotFoundException: org.bukkit.event.player.PlayerListener
	at org.bukkit.plugin.java.PluginClassLoader.findClass0(PluginClassLoader.java:70)
	at org.bukkit.plugin.java.PluginClassLoader.findClass(PluginClassLoader.java:53)
	at java.lang.ClassLoader.loadClass(Unknown Source)
	at java.lang.ClassLoader.loadClass(Unknown Source)
	... 28 more
2013-02-27 17:03:05 [SEVERE] Could not load 'plugins\PermissionsBukkit-1.2.jar' in folder 'plugins'
org.bukkit.plugin.InvalidPluginException: java.lang.NoClassDefFoundError: org/bukkit/util/config/ConfigurationNode
	at org.bukkit.plugin.java.JavaPluginLoader.loadPlugin(JavaPluginLoader.java:184)
	at org.bukkit.plugin.SimplePluginManager.loadPlugin(SimplePluginManager.java:305)
	at org.bukkit.plugin.SimplePluginManager.loadPlugins(SimplePluginManager.java:230)
	at org.bukkit.craftbukkit.v1_4_R1.CraftServer.loadPlugins(CraftServer.java:239)
	at org.bukkit.craftbukkit.v1_4_R1.CraftServer.<init>(CraftServer.java:217)
	at net.minecraft.server.v1_4_R1.PlayerList.<init>(PlayerList.java:55)
	at net.minecraft.server.v1_4_R1.DedicatedPlayerList.<init>(SourceFile:11)
	at net.minecraft.server.v1_4_R1.DedicatedServer.init(DedicatedServer.java:104)
	at net.minecraft.server.v1_4_R1.MinecraftServer.run(MinecraftServer.java:399)
	at net.minecraft.server.v1_4_R1.ThreadServerApplication.run(SourceFile:849)
Caused by: java.lang.NoClassDefFoundError: org/bukkit/util/config/ConfigurationNode
	at java.lang.Class.forName0(Native Method)
	at java.lang.Class.forName(Unknown Source)
	at org.bukkit.plugin.java.JavaPluginLoader.loadPlugin(JavaPluginLoader.java:173)
	... 9 more
Caused by: java.lang.ClassNotFoundException: org.bukkit.util.config.ConfigurationNode
	at org.bukkit.plugin.java.PluginClassLoader.findClass0(PluginClassLoader.java:70)
	at org.bukkit.plugin.java.PluginClassLoader.findClass(PluginClassLoader.java:53)
	at java.lang.ClassLoader.loadClass(Unknown Source)
	at java.lang.ClassLoader.loadClass(Unknown Source)
	... 12 more
2013-02-27 17:03:05 [INFO] [Essentials] Loading Essentials v2.10.1
2013-02-27 17:03:05 [INFO] [Deadbolt] Loading Deadbolt v2.0
2013-02-27 17:03:05 [INFO] [EssentialsChat] Loading EssentialsChat v2.10.1
2013-02-27 17:03:05 [INFO] [EssentialsProtect] Loading EssentialsProtect v2.10.1
2013-02-27 17:03:05 [INFO] MLog clients using java 1.4+ standard logging.
2013-02-27 17:03:05 [INFO] [EssentialsSpawn] Loading EssentialsSpawn v2.10.1
2013-02-27 17:03:05 [INFO] [EssentialsAntiBuild] Loading EssentialsAntiBuild v2.10.1
2013-02-27 17:03:05 [INFO] Preparing level "world"
2013-02-27 17:03:05 [INFO] Preparing start region for level 0 (Seed: -7229488601465251765)
2013-02-27 17:03:06 [INFO] Preparing start region for level 1 (Seed: -7229488601465251765)
2013-02-27 17:03:06 [INFO] Preparing spawn area: 8%
2013-02-27 17:03:07 [INFO] Preparing start region for level 2 (Seed: -7229488601465251765)
2013-02-27 17:03:07 [INFO] [Essentials] Enabling Essentials v2.10.1
2013-02-27 17:03:07 [INFO] Essentials: Using config file enhanced permissions.
2013-02-27 17:03:07 [INFO] Permissions listed in as player-commands will be given to all users.
2013-02-27 17:03:07 [INFO] [Deadbolt] Enabling Deadbolt v2.0
2013-02-27 17:03:08 [SEVERE] [Deadbolt] Plugin Deadbolt v2.0 has failed to register events for class com.daemitus.deadbolt.events.EntityListener because org/bukkit/event/entity/EndermanPickupEvent does not exist.
2013-02-27 17:03:08 [INFO] [Deadbolt] 2.0 enabled
2013-02-27 17:03:08 [INFO] [EssentialsChat] Enabling EssentialsChat v2.10.1
2013-02-27 17:03:08 [INFO] [EssentialsProtect] Enabling EssentialsProtect v2.10.1
2013-02-27 17:03:08 [INFO] Initializing c3p0-0.9.1.2 [built 21-May-2007 15:04:56; debug? true; trace: 10]
2013-02-27 17:03:08 [INFO] [EssentialsSpawn] Enabling EssentialsSpawn v2.10.1
2013-02-27 17:03:08 [INFO] [EssentialsAntiBuild] Enabling EssentialsAntiBuild v2.10.1
2013-02-27 17:03:08 [INFO] Server permissions file permissions.yml is empty, ignoring it
2013-02-27 17:03:08 [INFO] Done (2.906s)! For help, type "help" or "?"
2013-02-27 17:40:37 [INFO] Starting minecraft server version 1.4.7
2013-02-27 17:40:37 [INFO] Loading properties
2013-02-27 17:40:37 [INFO] Default game type: SURVIVAL
2013-02-27 17:40:37 [INFO] Generating keypair
2013-02-27 17:40:37 [INFO] Starting Minecraft server on *:25565
2013-02-27 17:40:37 [INFO] This server is running CraftBukkit version git-Bukkit-1.4.7-R1.0-b2624jnks (MC: 1.4.7) (Implementing API version 1.4.7-R1.0)
2013-02-27 17:40:38 [SEVERE] Could not load 'plugins\WorldEdit.jar' in folder 'plugins'
org.bukkit.plugin.InvalidPluginException: java.lang.NoClassDefFoundError: org/bukkit/event/Event$Type
	at org.bukkit.plugin.java.JavaPluginLoader.loadPlugin(JavaPluginLoader.java:184)
	at org.bukkit.plugin.SimplePluginManager.loadPlugin(SimplePluginManager.java:305)
	at org.bukkit.plugin.SimplePluginManager.loadPlugins(SimplePluginManager.java:230)
	at org.bukkit.craftbukkit.v1_4_R1.CraftServer.loadPlugins(CraftServer.java:239)
	at org.bukkit.craftbukkit.v1_4_R1.CraftServer.<init>(CraftServer.java:217)
	at net.minecraft.server.v1_4_R1.PlayerList.<init>(PlayerList.java:55)
	at net.minecraft.server.v1_4_R1.DedicatedPlayerList.<init>(SourceFile:11)
	at net.minecraft.server.v1_4_R1.DedicatedServer.init(DedicatedServer.java:104)
	at net.minecraft.server.v1_4_R1.MinecraftServer.run(MinecraftServer.java:399)
	at net.minecraft.server.v1_4_R1.ThreadServerApplication.run(SourceFile:849)
Caused by: java.lang.NoClassDefFoundError: org/bukkit/event/Event$Type
	at java.lang.Class.forName0(Native Method)
	at java.lang.Class.forName(Unknown Source)
	at org.bukkit.plugin.java.JavaPluginLoader.loadPlugin(JavaPluginLoader.java:173)
	... 9 more
Caused by: java.lang.ClassNotFoundException: org.bukkit.event.Event$Type
	at org.bukkit.plugin.java.PluginClassLoader.findClass0(PluginClassLoader.java:70)
	at org.bukkit.plugin.java.PluginClassLoader.findClass(PluginClassLoader.java:53)
	at java.lang.ClassLoader.loadClass(Unknown Source)
	at java.lang.ClassLoader.loadClass(Unknown Source)
	... 12 more
2013-02-27 17:40:38 [SEVERE] Could not load 'plugins\laserpointer.jar' in folder 'plugins'
org.bukkit.plugin.InvalidPluginException: java.lang.NoClassDefFoundError: org/bukkit/event/player/PlayerListener
	at org.bukkit.plugin.java.JavaPluginLoader.loadPlugin(JavaPluginLoader.java:182)
	at org.bukkit.plugin.SimplePluginManager.loadPlugin(SimplePluginManager.java:305)
	at org.bukkit.plugin.SimplePluginManager.loadPlugins(SimplePluginManager.java:230)
	at org.bukkit.craftbukkit.v1_4_R1.CraftServer.loadPlugins(CraftServer.java:239)
	at org.bukkit.craftbukkit.v1_4_R1.CraftServer.<init>(CraftServer.java:217)
	at net.minecraft.server.v1_4_R1.PlayerList.<init>(PlayerList.java:55)
	at net.minecraft.server.v1_4_R1.DedicatedPlayerList.<init>(SourceFile:11)
	at net.minecraft.server.v1_4_R1.DedicatedServer.init(DedicatedServer.java:104)
	at net.minecraft.server.v1_4_R1.MinecraftServer.run(MinecraftServer.java:399)
	at net.minecraft.server.v1_4_R1.ThreadServerApplication.run(SourceFile:849)
Caused by: java.lang.NoClassDefFoundError: org/bukkit/event/player/PlayerListener
	at java.lang.ClassLoader.defineClass1(Native Method)
	at java.lang.ClassLoader.defineClass(Unknown Source)
	at java.security.SecureClassLoader.defineClass(Unknown Source)
	at java.net.URLClassLoader.defineClass(Unknown Source)
	at java.net.URLClassLoader.access$100(Unknown Source)
	at java.net.URLClassLoader$1.run(Unknown Source)
	at java.net.URLClassLoader$1.run(Unknown Source)
	at java.security.AccessController.doPrivileged(Native Method)
	at java.net.URLClassLoader.findClass(Unknown Source)
	at org.bukkit.plugin.java.PluginClassLoader.findClass0(PluginClassLoader.java:80)
	at org.bukkit.plugin.java.PluginClassLoader.findClass(PluginClassLoader.java:53)
	at java.lang.ClassLoader.loadClass(Unknown Source)
	at java.lang.ClassLoader.loadClass(Unknown Source)
	at sl.nuclearw.laserpointer.laserpointer.<init>(laserpointer.java:30)
	at sun.reflect.NativeConstructorAccessorImpl.newInstance0(Native Method)
	at sun.reflect.NativeConstructorAccessorImpl.newInstance(Unknown Source)
	at sun.reflect.DelegatingConstructorAccessorImpl.newInstance(Unknown Source)
	at java.lang.reflect.Constructor.newInstance(Unknown Source)
	at org.bukkit.plugin.java.JavaPluginLoader.loadPlugin(JavaPluginLoader.java:178)
	... 9 more
Caused by: java.lang.ClassNotFoundException: org.bukkit.event.player.PlayerListener
	at org.bukkit.plugin.java.PluginClassLoader.findClass0(PluginClassLoader.java:70)
	at org.bukkit.plugin.java.PluginClassLoader.findClass(PluginClassLoader.java:53)
	at java.lang.ClassLoader.loadClass(Unknown Source)
	at java.lang.ClassLoader.loadClass(Unknown Source)
	... 28 more
2013-02-27 17:40:38 [SEVERE] Could not load 'plugins\VoxelSniper.jar' in folder 'plugins'
org.bukkit.plugin.InvalidPluginException: java.lang.NoClassDefFoundError: org/bukkit/event/player/PlayerListener
	at org.bukkit.plugin.java.JavaPluginLoader.loadPlugin(JavaPluginLoader.java:182)
	at org.bukkit.plugin.SimplePluginManager.loadPlugin(SimplePluginManager.java:305)
	at org.bukkit.plugin.SimplePluginManager.loadPlugins(SimplePluginManager.java:230)
	at org.bukkit.craftbukkit.v1_4_R1.CraftServer.loadPlugins(CraftServer.java:239)
	at org.bukkit.craftbukkit.v1_4_R1.CraftServer.<init>(CraftServer.java:217)
	at net.minecraft.server.v1_4_R1.PlayerList.<init>(PlayerList.java:55)
	at net.minecraft.server.v1_4_R1.DedicatedPlayerList.<init>(SourceFile:11)
	at net.minecraft.server.v1_4_R1.DedicatedServer.init(DedicatedServer.java:104)
	at net.minecraft.server.v1_4_R1.MinecraftServer.run(MinecraftServer.java:399)
	at net.minecraft.server.v1_4_R1.ThreadServerApplication.run(SourceFile:849)
Caused by: java.lang.NoClassDefFoundError: org/bukkit/event/player/PlayerListener
	at java.lang.ClassLoader.defineClass1(Native Method)
	at java.lang.ClassLoader.defineClass(Unknown Source)
	at java.security.SecureClassLoader.defineClass(Unknown Source)
	at java.net.URLClassLoader.defineClass(Unknown Source)
	at java.net.URLClassLoader.access$100(Unknown Source)
	at java.net.URLClassLoader$1.run(Unknown Source)
	at java.net.URLClassLoader$1.run(Unknown Source)
	at java.security.AccessController.doPrivileged(Native Method)
	at java.net.URLClassLoader.findClass(Unknown Source)
	at org.bukkit.plugin.java.PluginClassLoader.findClass0(PluginClassLoader.java:80)
	at org.bukkit.plugin.java.PluginClassLoader.findClass(PluginClassLoader.java:53)
	at java.lang.ClassLoader.loadClass(Unknown Source)
	at java.lang.ClassLoader.loadClass(Unknown Source)
	at com.thevoxelbox.VoxelSniper.<init>(VoxelSniper.java:25)
	at sun.reflect.NativeConstructorAccessorImpl.newInstance0(Native Method)
	at sun.reflect.NativeConstructorAccessorImpl.newInstance(Unknown Source)
	at sun.reflect.DelegatingConstructorAccessorImpl.newInstance(Unknown Source)
	at java.lang.reflect.Constructor.newInstance(Unknown Source)
	at org.bukkit.plugin.java.JavaPluginLoader.loadPlugin(JavaPluginLoader.java:178)
	... 9 more
Caused by: java.lang.ClassNotFoundException: org.bukkit.event.player.PlayerListener
	at org.bukkit.plugin.java.PluginClassLoader.findClass0(PluginClassLoader.java:70)
	at org.bukkit.plugin.java.PluginClassLoader.findClass(PluginClassLoader.java:53)
	at java.lang.ClassLoader.loadClass(Unknown Source)
	at java.lang.ClassLoader.loadClass(Unknown Source)
	... 28 more
2013-02-27 17:40:38 [SEVERE] Could not load 'plugins\PermissionsBukkit-1.2.jar' in folder 'plugins'
org.bukkit.plugin.InvalidPluginException: java.lang.NoClassDefFoundError: org/bukkit/util/config/ConfigurationNode
	at org.bukkit.plugin.java.JavaPluginLoader.loadPlugin(JavaPluginLoader.java:184)
	at org.bukkit.plugin.SimplePluginManager.loadPlugin(SimplePluginManager.java:305)
	at org.bukkit.plugin.SimplePluginManager.loadPlugins(SimplePluginManager.java:230)
	at org.bukkit.craftbukkit.v1_4_R1.CraftServer.loadPlugins(CraftServer.java:239)
	at org.bukkit.craftbukkit.v1_4_R1.CraftServer.<init>(CraftServer.java:217)
	at net.minecraft.server.v1_4_R1.PlayerList.<init>(PlayerList.java:55)
	at net.minecraft.server.v1_4_R1.DedicatedPlayerList.<init>(SourceFile:11)
	at net.minecraft.server.v1_4_R1.DedicatedServer.init(DedicatedServer.java:104)
	at net.minecraft.server.v1_4_R1.MinecraftServer.run(MinecraftServer.java:399)
	at net.minecraft.server.v1_4_R1.ThreadServerApplication.run(SourceFile:849)
Caused by: java.lang.NoClassDefFoundError: org/bukkit/util/config/ConfigurationNode
	at java.lang.Class.forName0(Native Method)
	at java.lang.Class.forName(Unknown Source)
	at org.bukkit.plugin.java.JavaPluginLoader.loadPlugin(JavaPluginLoader.java:173)
	... 9 more
Caused by: java.lang.ClassNotFoundException: org.bukkit.util.config.ConfigurationNode
	at org.bukkit.plugin.java.PluginClassLoader.findClass0(PluginClassLoader.java:70)
	at org.bukkit.plugin.java.PluginClassLoader.findClass(PluginClassLoader.java:53)
	at java.lang.ClassLoader.loadClass(Unknown Source)
	at java.lang.ClassLoader.loadClass(Unknown Source)
	... 12 more
2013-02-27 17:40:38 [INFO] [VoxelUpdate] Loading VoxelUpdate v1.2.5-jnks12
2013-02-27 17:40:38 [INFO] [Essentials] Loading Essentials v2.10.1
2013-02-27 17:40:38 [INFO] [Deadbolt] Loading Deadbolt v2.0
2013-02-27 17:40:38 [INFO] [EssentialsChat] Loading EssentialsChat v2.10.1
2013-02-27 17:40:38 [INFO] [EssentialsProtect] Loading EssentialsProtect v2.10.1
2013-02-27 17:40:38 [INFO] MLog clients using java 1.4+ standard logging.
2013-02-27 17:40:38 [INFO] [EssentialsSpawn] Loading EssentialsSpawn v2.10.1
2013-02-27 17:40:38 [INFO] [EssentialsAntiBuild] Loading EssentialsAntiBuild v2.10.1
2013-02-27 17:40:38 [INFO] Preparing level "world"
2013-02-27 17:40:38 [INFO] Preparing start region for level 0 (Seed: -7229488601465251765)
2013-02-27 17:40:39 [INFO] Preparing start region for level 1 (Seed: -7229488601465251765)
2013-02-27 17:40:39 [INFO] Preparing spawn area: 0%
2013-02-27 17:40:40 [INFO] Preparing start region for level 2 (Seed: -7229488601465251765)
2013-02-27 17:40:40 [INFO] [VoxelUpdate] Enabling VoxelUpdate v1.2.5-jnks12
2013-02-27 17:40:40 [INFO] [Essentials] Enabling Essentials v2.10.1
2013-02-27 17:40:40 [INFO] Essentials: Using config file enhanced permissions.
2013-02-27 17:40:40 [INFO] Permissions listed in as player-commands will be given to all users.
2013-02-27 17:40:40 [INFO] [Deadbolt] Enabling Deadbolt v2.0
2013-02-27 17:40:40 [SEVERE] [Deadbolt] Plugin Deadbolt v2.0 has failed to register events for class com.daemitus.deadbolt.events.EntityListener because org/bukkit/event/entity/EndermanPickupEvent does not exist.
2013-02-27 17:40:40 [INFO] [Deadbolt] 2.0 enabled
2013-02-27 17:40:40 [INFO] [EssentialsChat] Enabling EssentialsChat v2.10.1
2013-02-27 17:40:40 [INFO] [EssentialsProtect] Enabling EssentialsProtect v2.10.1
2013-02-27 17:40:40 [INFO] Initializing c3p0-0.9.1.2 [built 21-May-2007 15:04:56; debug? true; trace: 10]
2013-02-27 17:40:41 [INFO] [EssentialsSpawn] Enabling EssentialsSpawn v2.10.1
2013-02-27 17:40:41 [INFO] [EssentialsAntiBuild] Enabling EssentialsAntiBuild v2.10.1
2013-02-27 17:40:41 [INFO] Server permissions file permissions.yml is empty, ignoring it
2013-02-27 17:40:41 [INFO] Done (3.054s)! For help, type "help" or "?"
2013-02-27 17:42:20 [INFO] theundecided[/192.203.222.59:40217] logged in with entity id 247 at ([world] 100.5, 71.62000000476837, 259.5)
2013-02-27 17:42:27 [INFO] theundecided issued server command: /op
2013-02-27 17:42:34 [INFO] theundecided issued server command: /msg test
2013-02-27 17:42:39 [INFO] theundecided issued server command: /broadcast this
2013-02-27 17:42:39 [INFO] [0;39m[33;22m[[31;22mBroadcast[33;22m][32;1m this[m
2013-02-27 17:42:54 [INFO] theundecided lost connection: disconnect.quitting
2013-02-27 17:42:54 [INFO] Connection reset
2013-02-27 17:44:50 [INFO] CONSOLE: Stopping the server..[m
2013-02-27 17:44:50 [INFO] Stopping server
2013-02-27 17:44:50 [INFO] [EssentialsAntiBuild] Disabling EssentialsAntiBuild v2.10.1
2013-02-27 17:44:50 [INFO] [EssentialsSpawn] Disabling EssentialsSpawn v2.10.1
2013-02-27 17:44:50 [INFO] [EssentialsProtect] Disabling EssentialsProtect v2.10.1
2013-02-27 17:44:51 [INFO] [EssentialsChat] Disabling EssentialsChat v2.10.1
2013-02-27 17:44:51 [INFO] [Deadbolt] Disabling Deadbolt v2.0
2013-02-27 17:44:51 [INFO] [Deadbolt] 2.0 disabled
2013-02-27 17:44:51 [INFO] [Essentials] Disabling Essentials v2.10.1
2013-02-27 17:44:51 [INFO] [VoxelUpdate] Disabling VoxelUpdate v1.2.5-jnks12
2013-02-27 17:44:51 [INFO] Saving players
2013-02-27 17:44:51 [INFO] Saving worlds
2013-02-27 17:44:51 [WARNING] DSCT: socket closed
2013-02-27 17:44:51 [INFO] Saving chunks for level 'world'/Overworld
2013-02-27 17:44:51 [INFO] Closing listening thread
2013-02-27 17:44:51 [INFO] Saving chunks for level 'world_nether'/Nether
2013-02-27 17:44:51 [INFO] Saving chunks for level 'world_the_end'/The End
2013-02-27 17:44:51 [INFO] Stopping server
